<?xml version="1.0" encoding="UTF-8"?>
<!-- Generated by org.testng.reporters.JUnitXMLReporter -->
<testsuite ignored="0" hostname="LAPTOP-30FIKBH6" failures="2" tests="2" name="Test" time="7.006" errors="0" timestamp="2021-06-02T23:01:14 EDT">
  <testcase classname="Academy.E2EFramework.HomePageTest" name="basePageNavigation" time="4.415">
    <failure type="junit.framework.ComparisonFailure" message="expected:&amp;lt;...fg...&amp;gt; but was:&amp;lt;......&amp;gt;">
      <![CDATA[junit.framework.ComparisonFailure: expected:<...fg...> but was:<......>
at junit.framework.Assert.assertEquals(Assert.java:81)
at junit.framework.Assert.assertEquals(Assert.java:87)
at Academy.E2EFramework.HomePageTest.basePageNavigation(HomePageTest.java:55)
at java.base/java.util.ArrayList.forEach(ArrayList.java:1511)
... Removed 27 stack frames]]>
    </failure>
  </testcase> <!-- basePageNavigation -->
  <testcase classname="Academy.E2EFramework.HomePageTest" name="basePageNavigation" time="0.524">
    <failure type="junit.framework.ComparisonFailure" message="expected:&amp;lt;...fg...&amp;gt; but was:&amp;lt;......&amp;gt;">
      <![CDATA[junit.framework.ComparisonFailure: expected:<...fg...> but was:<......>
at junit.framework.Assert.assertEquals(Assert.java:81)
at junit.framework.Assert.assertEquals(Assert.java:87)
at Academy.E2EFramework.HomePageTest.basePageNavigation(HomePageTest.java:55)
at java.base/java.util.ArrayList.forEach(ArrayList.java:1511)
... Removed 27 stack frames]]>
    </failure>
  </testcase> <!-- basePageNavigation -->
</testsuite> <!-- Test -->
